# JRE version: Java(TM) SE Runtime Environment (8.0_151-b12) (build 1.8.0_151-b12)
# Java VM: Java HotSpot(TM) 64-Bit Server VM (25.151-b12 mixed mode windows-amd64 compressed oops)
Heap:
 PSYoungGen      total 39424K, used 18697K [0x00000000d6500000, 0x00000000d9400000, 0x0000000100000000)
  eden space 31744K, 36% used [0x00000000d6500000,0x00000000d7032170,0x00000000d8400000)
  from space 7680K, 94% used [0x00000000d8c80000,0x00000000d9390550,0x00000000d9400000)
  to   space 8192K, 0% used [0x00000000d8400000,0x00000000d8400000,0x00000000d8c00000)
 ParOldGen       total 86016K, used 8401K [0x0000000082e00000, 0x0000000088200000, 0x00000000d6500000)
  object space 86016K, 9% used [0x0000000082e00000,0x00000000836347c8,0x0000000088200000)
 Metaspace       used 15946K, capacity 16388K, committed 16640K, reserved 1064960K
  class space    used 1852K, capacity 2012K, committed 2048K, reserved 1048576K
GC Heap History (10 events):
Event: 183.159 GC heap before
{Heap before GC invocations=2 (full 0):
 PSYoungGen      total 37888K, used 37869K [0x00000000d6500000, 0x00000000d8f00000, 0x0000000100000000)
  eden space 32768K, 100% used [0x00000000d6500000,0x00000000d8500000,0x00000000d8500000)
  from space 5120K, 99% used [0x00000000d8500000,0x00000000d89fb590,0x00000000d8a00000)
  to   space 5120K, 0% used [0x00000000d8a00000,0x00000000d8a00000,0x00000000d8f00000)
 ParOldGen       total 86016K, used 1015K [0x0000000082e00000, 0x0000000088200000, 0x00000000d6500000)
  object space 86016K, 1% used [0x0000000082e00000,0x0000000082efddf0,0x0000000088200000)
 Metaspace       used 14782K, capacity 15160K, committed 15360K, reserved 1062912K
  class space    used 1849K, capacity 2010K, committed 2048K, reserved 1048576K
Event: 183.167 GC heap after
Heap after GC invocations=2 (full 0):
 PSYoungGen      total 37888K, used 5105K [0x00000000d6500000, 0x00000000d8f00000, 0x0000000100000000)
  eden space 32768K, 0% used [0x00000000d6500000,0x00000000d6500000,0x00000000d8500000)
  from space 5120K, 99% used [0x00000000d8a00000,0x00000000d8efc480,0x00000000d8f00000)
  to   space 5120K, 0% used [0x00000000d8500000,0x00000000d8500000,0x00000000d8a00000)
 ParOldGen       total 86016K, used 2450K [0x0000000082e00000, 0x0000000088200000, 0x00000000d6500000)
  object space 86016K, 2% used [0x0000000082e00000,0x0000000083064b38,0x0000000088200000)
 Metaspace       used 14782K, capacity 15160K, committed 15360K, reserved 1062912K
  class space    used 1849K, capacity 2010K, committed 2048K, reserved 1048576K
}
Event: 608.780 GC heap before
{Heap before GC invocations=3 (full 0):
 PSYoungGen      total 37888K, used 37873K [0x00000000d6500000, 0x00000000d8f00000, 0x0000000100000000)
  eden space 32768K, 100% used [0x00000000d6500000,0x00000000d8500000,0x00000000d8500000)
  from space 5120K, 99% used [0x00000000d8a00000,0x00000000d8efc480,0x00000000d8f00000)
  to   space 5120K, 0% used [0x00000000d8500000,0x00000000d8500000,0x00000000d8a00000)
 ParOldGen       total 86016K, used 2450K [0x0000000082e00000, 0x0000000088200000, 0x00000000d6500000)
  object space 86016K, 2% used [0x0000000082e00000,0x0000000083064b38,0x0000000088200000)
 Metaspace       used 15207K, capacity 15624K, committed 15872K, reserved 1062912K
  class space    used 1850K, capacity 2010K, committed 2048K, reserved 1048576K
Event: 608.791 GC heap after
Heap after GC invocations=3 (full 0):
 PSYoungGen      total 37888K, used 5088K [0x00000000d6500000, 0x00000000d8f00000, 0x0000000100000000)
  eden space 32768K, 0% used [0x00000000d6500000,0x00000000d6500000,0x00000000d8500000)
  from space 5120K, 99% used [0x00000000d8500000,0x00000000d89f82b0,0x00000000d8a00000)
  to   space 5120K, 0% used [0x00000000d8a00000,0x00000000d8a00000,0x00000000d8f00000)
 ParOldGen       total 86016K, used 4110K [0x0000000082e00000, 0x0000000088200000, 0x00000000d6500000)
  object space 86016K, 4% used [0x0000000082e00000,0x0000000083203a38,0x0000000088200000)
 Metaspace       used 15207K, capacity 15624K, committed 15872K, reserved 1062912K
  class space    used 1850K, capacity 2010K, committed 2048K, reserved 1048576K
}
Event: 1035.881 GC heap before
{Heap before GC invocations=4 (full 0):
 PSYoungGen      total 37888K, used 37856K [0x00000000d6500000, 0x00000000d8f00000, 0x0000000100000000)
  eden space 32768K, 100% used [0x00000000d6500000,0x00000000d8500000,0x00000000d8500000)
  from space 5120K, 99% used [0x00000000d8500000,0x00000000d89f82b0,0x00000000d8a00000)
  to   space 5120K, 0% used [0x00000000d8a00000,0x00000000d8a00000,0x00000000d8f00000)
 ParOldGen       total 86016K, used 4110K [0x0000000082e00000, 0x0000000088200000, 0x00000000d6500000)
  object space 86016K, 4% used [0x0000000082e00000,0x0000000083203a38,0x0000000088200000)
 Metaspace       used 15512K, capacity 15896K, committed 16128K, reserved 1062912K
  class space    used 1850K, capacity 2010K, committed 2048K, reserved 1048576K
Event: 1035.888 GC heap after
Heap after GC invocations=4 (full 0):
 PSYoungGen      total 37888K, used 5088K [0x00000000d6500000, 0x00000000d8f00000, 0x0000000100000000)
  eden space 32768K, 0% used [0x00000000d6500000,0x00000000d6500000,0x00000000d8500000)
  from space 5120K, 99% used [0x00000000d8a00000,0x00000000d8ef8370,0x00000000d8f00000)
  to   space 5120K, 0% used [0x00000000d8500000,0x00000000d8500000,0x00000000d8a00000)
 ParOldGen       total 86016K, used 5997K [0x0000000082e00000, 0x0000000088200000, 0x00000000d6500000)
  object space 86016K, 6% used [0x0000000082e00000,0x00000000833db408,0x0000000088200000)
 Metaspace       used 15512K, capacity 15896K, committed 16128K, reserved 1062912K
  class space    used 1850K, capacity 2010K, committed 2048K, reserved 1048576K
}
Event: 1552.254 GC heap before
{Heap before GC invocations=5 (full 0):
 PSYoungGen      total 37888K, used 37856K [0x00000000d6500000, 0x00000000d8f00000, 0x0000000100000000)
  eden space 32768K, 100% used [0x00000000d6500000,0x00000000d8500000,0x00000000d8500000)
  from space 5120K, 99% used [0x00000000d8a00000,0x00000000d8ef8370,0x00000000d8f00000)
  to   space 5120K, 0% used [0x00000000d8500000,0x00000000d8500000,0x00000000d8a00000)
 ParOldGen       total 86016K, used 5997K [0x0000000082e00000, 0x0000000088200000, 0x00000000d6500000)
  object space 86016K, 6% used [0x0000000082e00000,0x00000000833db408,0x0000000088200000)
 Metaspace       used 15855K, capacity 16294K, committed 16384K, reserved 1062912K
  class space    used 1851K, capacity 2011K, committed 2048K, reserved 1048576K
Event: 1552.267 GC heap after
Heap after GC invocations=5 (full 0):
 PSYoungGen      total 37376K, used 5088K [0x00000000d6500000, 0x00000000d9480000, 0x0000000100000000)
  eden space 32256K, 0% used [0x00000000d6500000,0x00000000d6500000,0x00000000d8480000)
  from space 5120K, 99% used [0x00000000d8500000,0x00000000d89f8350,0x00000000d8a00000)
  to   space 8192K, 0% used [0x00000000d8c80000,0x00000000d8c80000,0x00000000d9480000)
 ParOldGen       total 86016K, used 8401K [0x0000000082e00000, 0x0000000088200000, 0x00000000d6500000)
  object space 86016K, 9% used [0x0000000082e00000,0x00000000836347c8,0x0000000088200000)
 Metaspace       used 15855K, capacity 16294K, committed 16384K, reserved 1062912K
  class space    used 1851K, capacity 2011K, committed 2048K, reserved 1048576K
}
Event: 1953.062 GC heap before
{Heap before GC invocations=6 (full 0):
 PSYoungGen      total 37376K, used 37344K [0x00000000d6500000, 0x00000000d9480000, 0x0000000100000000)
  eden space 32256K, 100% used [0x00000000d6500000,0x00000000d8480000,0x00000000d8480000)
  from space 5120K, 99% used [0x00000000d8500000,0x00000000d89f8350,0x00000000d8a00000)
  to   space 8192K, 0% used [0x00000000d8c80000,0x00000000d8c80000,0x00000000d9480000)
 ParOldGen       total 86016K, used 8401K [0x0000000082e00000, 0x0000000088200000, 0x00000000d6500000)
  object space 86016K, 9% used [0x0000000082e00000,0x00000000836347c8,0x0000000088200000)
 Metaspace       used 15941K, capacity 16382K, committed 16640K, reserved 1064960K
  class space    used 1851K, capacity 2011K, committed 2048K, reserved 1048576K
Event: 1953.074 GC heap after
Heap after GC invocations=6 (full 0):
 PSYoungGen      total 39424K, used 7233K [0x00000000d6500000, 0x00000000d9400000, 0x0000000100000000)
  eden space 31744K, 0% used [0x00000000d6500000,0x00000000d6500000,0x00000000d8400000)
  from space 7680K, 94% used [0x00000000d8c80000,0x00000000d9390550,0x00000000d9400000)
  to   space 8192K, 0% used [0x00000000d8400000,0x00000000d8400000,0x00000000d8c00000)
 ParOldGen       total 86016K, used 8401K [0x0000000082e00000, 0x0000000088200000, 0x00000000d6500000)
  object space 86016K, 9% used [0x0000000082e00000,0x00000000836347c8,0x0000000088200000)
 Metaspace       used 15941K, capacity 16382K, committed 16640K, reserved 1064960K
  class space    used 1851K, capacity 2011K, committed 2048K, reserved 1048576K
}

